<?xml version="1.0" encoding="UTF-8"?>
<!-- Generated by org.testng.reporters.JUnitReportReporter -->
<testsuite hostname="IBM-GJ4GDN3" failures="0" tests="1" name="FirstTestNGScript" time="0.003" errors="0" timestamp="2022-11-04T09:23:56 IST" skipped="0">
  <testcase classname="FirstTestNGScript" name="firstScript" time="0.003"/>
  <system-out/>
</testsuite> <!-- FirstTestNGScript -->
