<?xml version="1.0" encoding="UTF-8"?>
<!-- Generated by org.testng.reporters.JUnitReportReporter -->
<testsuite hostname="IBM-GJ4GDN3" failures="0" tests="1" name="testCasesTestNG.FirstTestNGScript" time="0.005" errors="0" timestamp="2022-11-04T10:29:24 IST" skipped="0">
  <testcase classname="testCasesTestNG.FirstTestNGScript" name="firstScript" time="0.005"/>
  <system-out/>
</testsuite> <!-- testCasesTestNG.FirstTestNGScript -->
