<?xml version="1.0" encoding="UTF-8"?>
<!-- Generated by org.testng.reporters.JUnitReportReporter -->
<testsuite hostname="IBM-GJ4GDN3" failures="0" tests="1" name="TestCases.LaunchingFacebookTestNG" time="0.110" errors="0" timestamp="2022-11-04T10:00:02 IST" skipped="0">
  <testcase classname="TestCases.LaunchingFacebookTestNG" name="launchFacebook" time="0.110"/>
  <system-out/>
</testsuite> <!-- TestCases.LaunchingFacebookTestNG -->
