<?xml version="1.0" encoding="UTF-8"?>
<!-- Generated by org.testng.reporters.JUnitReportReporter -->
<testsuite hostname="IBM-GJ4GDN3" failures="0" tests="1" name="SecondTestNGScript" time="0.006" errors="0" timestamp="2022-11-04T09:31:55 IST" skipped="0">
  <testcase classname="SecondTestNGScript" name="method2" time="0.006"/>
  <system-out/>
</testsuite> <!-- SecondTestNGScript -->
