<?xml version="1.0" encoding="UTF-8"?>
<!-- Generated by org.testng.reporters.JUnitReportReporter -->
<testsuite hostname="IBM-GJ4GDN3" failures="0" tests="1" name="testCases_TestNG.LaunchingFacebookTestNG" time="0.149" errors="0" timestamp="2022-11-04T10:17:01 IST" skipped="0">
  <testcase classname="testCases_TestNG.LaunchingFacebookTestNG" name="launchFacebook" time="0.149"/>
  <system-out/>
</testsuite> <!-- testCases_TestNG.LaunchingFacebookTestNG -->
