<?xml version="1.0" encoding="UTF-8"?>
<!-- Generated by org.testng.reporters.JUnitReportReporter -->
<testsuite hostname="IBM-GJ4GDN3" failures="0" tests="1" name="testCasesTestNG.SecondTestNGScript" time="0.003" errors="0" timestamp="2022-11-04T10:29:32 IST" skipped="0">
  <testcase classname="testCasesTestNG.SecondTestNGScript" name="method2" time="0.003"/>
  <system-out/>
</testsuite> <!-- testCasesTestNG.SecondTestNGScript -->
