<?xml version="1.0" encoding="UTF-8"?>
<!-- Generated by org.testng.reporters.JUnitReportReporter -->
<testsuite hostname="IBM-GJ4GDN3" failures="0" tests="1" name="TestNGTestCases.FirstTestNGScript" time="0.007" errors="0" timestamp="2022-11-04T10:09:12 IST" skipped="0">
  <testcase classname="TestNGTestCases.FirstTestNGScript" name="firstScript" time="0.007"/>
  <system-out/>
</testsuite> <!-- TestNGTestCases.FirstTestNGScript -->
