<?xml version="1.0" encoding="UTF-8"?>
<!-- Generated by org.testng.reporters.JUnitReportReporter -->
<testsuite hostname="IBM-GJ4GDN3" failures="0" tests="1" name="LaunchingFacebookTestNG" time="0.103" errors="0" timestamp="2022-11-04T09:51:44 IST" skipped="0">
  <testcase classname="LaunchingFacebookTestNG" name="launchFacebook" time="0.103"/>
  <system-out/>
</testsuite> <!-- LaunchingFacebookTestNG -->
